# JRE version: Java(TM) SE Runtime Environment (8.0_65-b17) (build 1.8.0_65-b17)
# Java VM: Java HotSpot(TM) 64-Bit Server VM (25.65-b01 mixed mode windows-amd64 compressed oops)
Heap:
 PSYoungGen      total 104448K, used 70900K [0x00000000eab00000, 0x00000000f1f00000, 0x0000000100000000)
  eden space 90112K, 67% used [0x00000000eab00000,0x00000000ee6325d8,0x00000000f0300000)
  from space 14336K, 71% used [0x00000000f1100000,0x00000000f1b0ab70,0x00000000f1f00000)
  to   space 14336K, 0% used [0x00000000f0300000,0x00000000f0300000,0x00000000f1100000)
 ParOldGen       total 60416K, used 23604K [0x00000000c0000000, 0x00000000c3b00000, 0x00000000eab00000)
  object space 60416K, 39% used [0x00000000c0000000,0x00000000c170d1f0,0x00000000c3b00000)
 Metaspace       used 6507K, capacity 7222K, committed 7296K, reserved 1056768K
  class space    used 609K, capacity 622K, committed 640K, reserved 1048576K
GC Heap History (10 events):
Event: 12.466 GC heap before
{Heap before GC invocations=2 (full 0):
 PSYoungGen      total 26112K, used 26088K [0x00000000eab00000, 0x00000000ede00000, 0x0000000100000000)
  eden space 22528K, 100% used [0x00000000eab00000,0x00000000ec100000,0x00000000ec100000)
  from space 3584K, 99% used [0x00000000ec100000,0x00000000ec47a3e0,0x00000000ec480000)
  to   space 3584K, 0% used [0x00000000eda80000,0x00000000eda80000,0x00000000ede00000)
 ParOldGen       total 60416K, used 591K [0x00000000c0000000, 0x00000000c3b00000, 0x00000000eab00000)
  object space 60416K, 0% used [0x00000000c0000000,0x00000000c0093fc8,0x00000000c3b00000)
 Metaspace       used 6092K, capacity 6960K, committed 7040K, reserved 1056768K
  class space    used 600K, capacity 616K, committed 640K, reserved 1048576K
Event: 12.791 GC heap after
Heap after GC invocations=2 (full 0):
 PSYoungGen      total 48640K, used 3552K [0x00000000eab00000, 0x00000000ede00000, 0x0000000100000000)
  eden space 45056K, 0% used [0x00000000eab00000,0x00000000eab00000,0x00000000ed700000)
  from space 3584K, 99% used [0x00000000eda80000,0x00000000eddf8028,0x00000000ede00000)
  to   space 3584K, 0% used [0x00000000ed700000,0x00000000ed700000,0x00000000eda80000)
 ParOldGen       total 60416K, used 2545K [0x00000000c0000000, 0x00000000c3b00000, 0x00000000eab00000)
  object space 60416K, 4% used [0x00000000c0000000,0x00000000c027c780,0x00000000c3b00000)
 Metaspace       used 6092K, capacity 6960K, committed 7040K, reserved 1056768K
  class space    used 600K, capacity 616K, committed 640K, reserved 1048576K
}
Event: 15.395 GC heap before
{Heap before GC invocations=3 (full 0):
 PSYoungGen      total 48640K, used 48608K [0x00000000eab00000, 0x00000000ede00000, 0x0000000100000000)
  eden space 45056K, 100% used [0x00000000eab00000,0x00000000ed700000,0x00000000ed700000)
  from space 3584K, 99% used [0x00000000eda80000,0x00000000eddf8028,0x00000000ede00000)
  to   space 3584K, 0% used [0x00000000ed700000,0x00000000ed700000,0x00000000eda80000)
 ParOldGen       total 60416K, used 2545K [0x00000000c0000000, 0x00000000c3b00000, 0x00000000eab00000)
  object space 60416K, 4% used [0x00000000c0000000,0x00000000c027c780,0x00000000c3b00000)
 Metaspace       used 6255K, capacity 7088K, committed 7296K, reserved 1056768K
  class space    used 600K, capacity 616K, committed 640K, reserved 1048576K
Event: 15.470 GC heap after
Heap after GC invocations=3 (full 0):
 PSYoungGen      total 48640K, used 3552K [0x00000000eab00000, 0x00000000ede00000, 0x0000000100000000)
  eden space 45056K, 0% used [0x00000000eab00000,0x00000000eab00000,0x00000000ed700000)
  from space 3584K, 99% used [0x00000000ed700000,0x00000000eda78028,0x00000000eda80000)
  to   space 3584K, 0% used [0x00000000eda80000,0x00000000eda80000,0x00000000ede00000)
 ParOldGen       total 60416K, used 9734K [0x00000000c0000000, 0x00000000c3b00000, 0x00000000eab00000)
  object space 60416K, 16% used [0x00000000c0000000,0x00000000c09819d0,0x00000000c3b00000)
 Metaspace       used 6255K, capacity 7088K, committed 7296K, reserved 1056768K
  class space    used 600K, capacity 616K, committed 640K, reserved 1048576K
}
Event: 16.798 GC heap before
{Heap before GC invocations=4 (full 0):
 PSYoungGen      total 48640K, used 48608K [0x00000000eab00000, 0x00000000ede00000, 0x0000000100000000)
  eden space 45056K, 100% used [0x00000000eab00000,0x00000000ed700000,0x00000000ed700000)
  from space 3584K, 99% used [0x00000000ed700000,0x00000000eda78028,0x00000000eda80000)
  to   space 3584K, 0% used [0x00000000eda80000,0x00000000eda80000,0x00000000ede00000)
 ParOldGen       total 60416K, used 9734K [0x00000000c0000000, 0x00000000c3b00000, 0x00000000eab00000)
  object space 60416K, 16% used [0x00000000c0000000,0x00000000c09819d0,0x00000000c3b00000)
 Metaspace       used 6307K, capacity 7152K, committed 7296K, reserved 1056768K
  class space    used 601K, capacity 616K, committed 640K, reserved 1048576K
Event: 16.905 GC heap after
Heap after GC invocations=4 (full 0):
 PSYoungGen      total 48640K, used 3577K [0x00000000eab00000, 0x00000000f0a00000, 0x0000000100000000)
  eden space 45056K, 0% used [0x00000000eab00000,0x00000000eab00000,0x00000000ed700000)
  from space 3584K, 99% used [0x00000000eda80000,0x00000000eddfe630,0x00000000ede00000)
  to   space 3584K, 0% used [0x00000000ed700000,0x00000000ed700000,0x00000000eda80000)
 ParOldGen       total 60416K, used 16882K [0x00000000c0000000, 0x00000000c3b00000, 0x00000000eab00000)
  object space 60416K, 27% used [0x00000000c0000000,0x00000000c107c830,0x00000000c3b00000)
 Metaspace       used 6307K, capacity 7152K, committed 7296K, reserved 1056768K
  class space    used 601K, capacity 616K, committed 640K, reserved 1048576K
}
Event: 18.300 GC heap before
{Heap before GC invocations=5 (full 0):
 PSYoungGen      total 48640K, used 48633K [0x00000000eab00000, 0x00000000f0a00000, 0x0000000100000000)
  eden space 45056K, 100% used [0x00000000eab00000,0x00000000ed700000,0x00000000ed700000)
  from space 3584K, 99% used [0x00000000eda80000,0x00000000eddfe630,0x00000000ede00000)
  to   space 3584K, 0% used [0x00000000ed700000,0x00000000ed700000,0x00000000eda80000)
 ParOldGen       total 60416K, used 16882K [0x00000000c0000000, 0x00000000c3b00000, 0x00000000eab00000)
  object space 60416K, 27% used [0x00000000c0000000,0x00000000c107c830,0x00000000c3b00000)
 Metaspace       used 6344K, capacity 7152K, committed 7296K, reserved 1056768K
  class space    used 601K, capacity 616K, committed 640K, reserved 1048576K
Event: 18.443 GC heap after
Heap after GC invocations=5 (full 0):
 PSYoungGen      total 48640K, used 3562K [0x00000000eab00000, 0x00000000f1f00000, 0x0000000100000000)
  eden space 45056K, 0% used [0x00000000eab00000,0x00000000eab00000,0x00000000ed700000)
  from space 3584K, 99% used [0x00000000ed700000,0x00000000eda7ab60,0x00000000eda80000)
  to   space 14336K, 0% used [0x00000000f1100000,0x00000000f1100000,0x00000000f1f00000)
 ParOldGen       total 60416K, used 23604K [0x00000000c0000000, 0x00000000c3b00000, 0x00000000eab00000)
  object space 60416K, 39% used [0x00000000c0000000,0x00000000c170d1f0,0x00000000c3b00000)
 Metaspace       used 6344K, capacity 7152K, committed 7296K, reserved 1056768K
  class space    used 601K, capacity 616K, committed 640K, reserved 1048576K
}
Event: 19.649 GC heap before
{Heap before GC invocations=6 (full 0):
 PSYoungGen      total 48640K, used 48618K [0x00000000eab00000, 0x00000000f1f00000, 0x0000000100000000)
  eden space 45056K, 100% used [0x00000000eab00000,0x00000000ed700000,0x00000000ed700000)
  from space 3584K, 99% used [0x00000000ed700000,0x00000000eda7ab60,0x00000000eda80000)
  to   space 14336K, 0% used [0x00000000f1100000,0x00000000f1100000,0x00000000f1f00000)
 ParOldGen       total 60416K, used 23604K [0x00000000c0000000, 0x00000000c3b00000, 0x00000000eab00000)
  object space 60416K, 39% used [0x00000000c0000000,0x00000000c170d1f0,0x00000000c3b00000)
 Metaspace       used 6386K, capacity 7152K, committed 7296K, reserved 1056768K
  class space    used 601K, capacity 616K, committed 640K, reserved 1048576K
Event: 19.729 GC heap after
Heap after GC invocations=6 (full 0):
 PSYoungGen      total 104448K, used 10282K [0x00000000eab00000, 0x00000000f1f00000, 0x0000000100000000)
  eden space 90112K, 0% used [0x00000000eab00000,0x00000000eab00000,0x00000000f0300000)
  from space 14336K, 71% used [0x00000000f1100000,0x00000000f1b0ab70,0x00000000f1f00000)
  to   space 14336K, 0% used [0x00000000f0300000,0x00000000f0300000,0x00000000f1100000)
 ParOldGen       total 60416K, used 23604K [0x00000000c0000000, 0x00000000c3b00000, 0x00000000eab00000)
  object space 60416K, 39% used [0x00000000c0000000,0x00000000c170d1f0,0x00000000c3b00000)
 Metaspace       used 6386K, capacity 7152K, committed 7296K, reserved 1056768K
  class space    used 601K, capacity 616K, committed 640K, reserved 1048576K
}

