# JRE version: Java(TM) SE Runtime Environment (8.0_65-b17) (build 1.8.0_65-b17)
# Java VM: Java HotSpot(TM) 64-Bit Server VM (25.65-b01 mixed mode windows-amd64 compressed oops)
Heap:
 PSYoungGen      total 48640K, used 36790K [0x00000000eab00000, 0x00000000ede00000, 0x0000000100000000)
  eden space 45056K, 73% used [0x00000000eab00000,0x00000000ecb73388,0x00000000ed700000)
  from space 3584K, 99% used [0x00000000eda80000,0x00000000eddfa5c0,0x00000000ede00000)
  to   space 3584K, 0% used [0x00000000ed700000,0x00000000ed700000,0x00000000eda80000)
 ParOldGen       total 60416K, used 24419K [0x00000000c0000000, 0x00000000c3b00000, 0x00000000eab00000)
  object space 60416K, 40% used [0x00000000c0000000,0x00000000c17d8ff0,0x00000000c3b00000)
 Metaspace       used 6640K, capacity 6748K, committed 6912K, reserved 1062912K
  class space    used 639K, capacity 656K, committed 768K, reserved 1048576K
GC Heap History (10 events):
Event: 12.102 GC heap before
{Heap before GC invocations=2 (full 0):
 PSYoungGen      total 26112K, used 26103K [0x00000000eab00000, 0x00000000ec800000, 0x0000000100000000)
  eden space 22528K, 100% used [0x00000000eab00000,0x00000000ec100000,0x00000000ec100000)
  from space 3584K, 99% used [0x00000000ec100000,0x00000000ec47dc98,0x00000000ec480000)
  to   space 3584K, 0% used [0x00000000ec480000,0x00000000ec480000,0x00000000ec800000)
 ParOldGen       total 60416K, used 1491K [0x00000000c0000000, 0x00000000c3b00000, 0x00000000eab00000)
  object space 60416K, 2% used [0x00000000c0000000,0x00000000c0174d70,0x00000000c3b00000)
 Metaspace       used 6123K, capacity 6196K, committed 6272K, reserved 1062912K
  class space    used 598K, capacity 616K, committed 640K, reserved 1048576K
Event: 12.156 GC heap after
Heap after GC invocations=2 (full 0):
 PSYoungGen      total 26112K, used 3570K [0x00000000eab00000, 0x00000000ede00000, 0x0000000100000000)
  eden space 22528K, 0% used [0x00000000eab00000,0x00000000eab00000,0x00000000ec100000)
  from space 3584K, 99% used [0x00000000ec480000,0x00000000ec7fc990,0x00000000ec800000)
  to   space 3584K, 0% used [0x00000000ec100000,0x00000000ec100000,0x00000000ec480000)
 ParOldGen       total 60416K, used 4203K [0x00000000c0000000, 0x00000000c3b00000, 0x00000000eab00000)
  object space 60416K, 6% used [0x00000000c0000000,0x00000000c041ac58,0x00000000c3b00000)
 Metaspace       used 6123K, capacity 6196K, committed 6272K, reserved 1062912K
  class space    used 598K, capacity 616K, committed 640K, reserved 1048576K
}
Event: 12.964 GC heap before
{Heap before GC invocations=3 (full 0):
 PSYoungGen      total 26112K, used 26098K [0x00000000eab00000, 0x00000000ede00000, 0x0000000100000000)
  eden space 22528K, 100% used [0x00000000eab00000,0x00000000ec100000,0x00000000ec100000)
  from space 3584K, 99% used [0x00000000ec480000,0x00000000ec7fc990,0x00000000ec800000)
  to   space 3584K, 0% used [0x00000000ec100000,0x00000000ec100000,0x00000000ec480000)
 ParOldGen       total 60416K, used 4203K [0x00000000c0000000, 0x00000000c3b00000, 0x00000000eab00000)
  object space 60416K, 6% used [0x00000000c0000000,0x00000000c041ac58,0x00000000c3b00000)
 Metaspace       used 6193K, capacity 6324K, committed 6528K, reserved 1062912K
  class space    used 600K, capacity 616K, committed 640K, reserved 1048576K
Event: 13.082 GC heap after
Heap after GC invocations=3 (full 0):
 PSYoungGen      total 26112K, used 3560K [0x00000000eab00000, 0x00000000ede00000, 0x0000000100000000)
  eden space 22528K, 0% used [0x00000000eab00000,0x00000000eab00000,0x00000000ec100000)
  from space 3584K, 99% used [0x00000000ec100000,0x00000000ec47a368,0x00000000ec480000)
  to   space 3584K, 0% used [0x00000000eda80000,0x00000000eda80000,0x00000000ede00000)
 ParOldGen       total 60416K, used 7779K [0x00000000c0000000, 0x00000000c3b00000, 0x00000000eab00000)
  object space 60416K, 12% used [0x00000000c0000000,0x00000000c0798fc0,0x00000000c3b00000)
 Metaspace       used 6193K, capacity 6324K, committed 6528K, reserved 1062912K
  class space    used 600K, capacity 616K, committed 640K, reserved 1048576K
}
Event: 13.657 GC heap before
{Heap before GC invocations=4 (full 0):
 PSYoungGen      total 26112K, used 26088K [0x00000000eab00000, 0x00000000ede00000, 0x0000000100000000)
  eden space 22528K, 100% used [0x00000000eab00000,0x00000000ec100000,0x00000000ec100000)
  from space 3584K, 99% used [0x00000000ec100000,0x00000000ec47a368,0x00000000ec480000)
  to   space 3584K, 0% used [0x00000000eda80000,0x00000000eda80000,0x00000000ede00000)
 ParOldGen       total 60416K, used 7779K [0x00000000c0000000, 0x00000000c3b00000, 0x00000000eab00000)
  object space 60416K, 12% used [0x00000000c0000000,0x00000000c0798fc0,0x00000000c3b00000)
 Metaspace       used 6319K, capacity 6428K, committed 6656K, reserved 1062912K
  class space    used 622K, capacity 656K, committed 768K, reserved 1048576K
Event: 13.719 GC heap after
Heap after GC invocations=4 (full 0):
 PSYoungGen      total 48640K, used 3581K [0x00000000eab00000, 0x00000000ede00000, 0x0000000100000000)
  eden space 45056K, 0% used [0x00000000eab00000,0x00000000eab00000,0x00000000ed700000)
  from space 3584K, 99% used [0x00000000eda80000,0x00000000eddff750,0x00000000ede00000)
  to   space 3584K, 0% used [0x00000000ed700000,0x00000000ed700000,0x00000000eda80000)
 ParOldGen       total 60416K, used 11414K [0x00000000c0000000, 0x00000000c3b00000, 0x00000000eab00000)
  object space 60416K, 18% used [0x00000000c0000000,0x00000000c0b25920,0x00000000c3b00000)
 Metaspace       used 6319K, capacity 6428K, committed 6656K, reserved 1062912K
  class space    used 622K, capacity 656K, committed 768K, reserved 1048576K
}
Event: 15.131 GC heap before
{Heap before GC invocations=5 (full 0):
 PSYoungGen      total 48640K, used 48637K [0x00000000eab00000, 0x00000000ede00000, 0x0000000100000000)
  eden space 45056K, 100% used [0x00000000eab00000,0x00000000ed700000,0x00000000ed700000)
  from space 3584K, 99% used [0x00000000eda80000,0x00000000eddff750,0x00000000ede00000)
  to   space 3584K, 0% used [0x00000000ed700000,0x00000000ed700000,0x00000000eda80000)
 ParOldGen       total 60416K, used 11414K [0x00000000c0000000, 0x00000000c3b00000, 0x00000000eab00000)
  object space 60416K, 18% used [0x00000000c0000000,0x00000000c0b25920,0x00000000c3b00000)
 Metaspace       used 6347K, capacity 6428K, committed 6656K, reserved 1062912K
  class space    used 622K, capacity 656K, committed 768K, reserved 1048576K
Event: 15.415 GC heap after
Heap after GC invocations=5 (full 0):
 PSYoungGen      total 48640K, used 3556K [0x00000000eab00000, 0x00000000ede00000, 0x0000000100000000)
  eden space 45056K, 0% used [0x00000000eab00000,0x00000000eab00000,0x00000000ed700000)
  from space 3584K, 99% used [0x00000000ed700000,0x00000000eda79068,0x00000000eda80000)
  to   space 3584K, 0% used [0x00000000eda80000,0x00000000eda80000,0x00000000ede00000)
 ParOldGen       total 60416K, used 18212K [0x00000000c0000000, 0x00000000c3b00000, 0x00000000eab00000)
  object space 60416K, 30% used [0x00000000c0000000,0x00000000c11c92f0,0x00000000c3b00000)
 Metaspace       used 6347K, capacity 6428K, committed 6656K, reserved 1062912K
  class space    used 622K, capacity 656K, committed 768K, reserved 1048576K
}
Event: 17.584 GC heap before
{Heap before GC invocations=6 (full 0):
 PSYoungGen      total 48640K, used 48612K [0x00000000eab00000, 0x00000000ede00000, 0x0000000100000000)
  eden space 45056K, 100% used [0x00000000eab00000,0x00000000ed700000,0x00000000ed700000)
  from space 3584K, 99% used [0x00000000ed700000,0x00000000eda79068,0x00000000eda80000)
  to   space 3584K, 0% used [0x00000000eda80000,0x00000000eda80000,0x00000000ede00000)
 ParOldGen       total 60416K, used 18212K [0x00000000c0000000, 0x00000000c3b00000, 0x00000000eab00000)
  object space 60416K, 30% used [0x00000000c0000000,0x00000000c11c92f0,0x00000000c3b00000)
 Metaspace       used 6365K, capacity 6428K, committed 6656K, reserved 1062912K
  class space    used 622K, capacity 656K, committed 768K, reserved 1048576K
Event: 17.712 GC heap after
Heap after GC invocations=6 (full 0):
 PSYoungGen      total 48640K, used 3561K [0x00000000eab00000, 0x00000000ede00000, 0x0000000100000000)
  eden space 45056K, 0% used [0x00000000eab00000,0x00000000eab00000,0x00000000ed700000)
  from space 3584K, 99% used [0x00000000eda80000,0x00000000eddfa5c0,0x00000000ede00000)
  to   space 3584K, 0% used [0x00000000ed700000,0x00000000ed700000,0x00000000eda80000)
 ParOldGen       total 60416K, used 24419K [0x00000000c0000000, 0x00000000c3b00000, 0x00000000eab00000)
  object space 60416K, 40% used [0x00000000c0000000,0x00000000c17d8ff0,0x00000000c3b00000)
 Metaspace       used 6365K, capacity 6428K, committed 6656K, reserved 1062912K
  class space    used 622K, capacity 656K, committed 768K, reserved 1048576K
}

